[2026-07-20 22:30:33] [INFO] [XAssistant]: Database schema initialized successfully.
[2026-07-20 22:30:43] [INFO] [XAssistant]: Database schema initialized successfully.
[2026-07-20 22:30:43] [INFO] [XAssistant]: Database schema initialized successfully.
[2026-07-20 22:30:43] [INFO] [XAssistant]: Database schema initialized successfully.
[2026-07-20 22:30:43] [INFO] [XAssistant]: Database schema initialized successfully.
[2026-07-20 22:30:43] [INFO] [XAssistant]: Database schema initialized successfully.
[2026-07-20 22:30:43] [INFO] [XAssistant]: Database schema initialized successfully.
[2026-07-20 22:30:43] [INFO] [XAssistant]: Database schema initialized successfully.
[2026-07-20 22:30:43] [INFO] [XAssistant]: Database schema initialized successfully.
[2026-07-20 22:30:43] [INFO] [XAssistant]: Database schema initialized successfully.
[2026-07-20 22:31:02] [INFO] [XAssistant]: Database schema initialized successfully.
[2026-07-20 22:31:02] [INFO] [XAssistant]: Database schema initialized successfully.
[2026-07-20 22:31:02] [INFO] [XAssistant]: Database schema initialized successfully.
[2026-07-20 22:31:02] [INFO] [XAssistant]: Database schema initialized successfully.
[2026-07-20 22:31:02] [INFO] [XAssistant]: Database schema initialized successfully.
[2026-07-20 22:31:02] [INFO] [XAssistant]: Database schema initialized successfully.
[2026-07-20 22:31:02] [INFO] [XAssistant]: Database schema initialized successfully.
[2026-07-20 22:31:02] [INFO] [XAssistant]: Database schema initialized successfully.
[2026-07-20 22:31:02] [INFO] [XAssistant]: Database schema initialized successfully.
[2026-07-20 22:31:52] [INFO] [XAssistant]: Database schema initialized successfully.
[2026-07-20 22:31:52] [WARNING] [XAssistant]: speech_recognition module is not installed. STT fallback to text prompt mode.
[2026-07-20 22:31:52] [WARNING] [XAssistant]: pyttsx3 module not installed. TTS will default to console output.
[2026-07-20 22:31:52] [WARNING] [XAssistant]: pyautogui module not installed. Keyboard media keys simulation limited.
[2026-07-20 22:31:52] [WARNING] [XAssistant]: psutil module not installed. Hardware system diagnostics limited.
[2026-07-20 22:31:53] [INFO] [XAssistant]: Initializing X Assistant Phase-1 Core...
[2026-07-20 22:31:53] [INFO] [XAssistant]: Starting X Assistant Phase-1 application...
[2026-07-20 22:31:53] [INFO] [XAssistant]: Speaking: X Assistant ready.
[2026-07-20 22:31:53] [INFO] [XAssistant]: Voice Listener thread active. Continuous monitoring ready.
[2026-07-20 22:31:53] [INFO] [XAssistant]: Wake word detector active. Listening for 'X', 'Hey X', 'X Listen'...
[2026-07-20 22:31:55] [INFO] [XAssistant]: System Info (all): CPU usage is at N/A%. RAM info N/A. Battery info N/A. Internet status: Online and connected.
[2026-07-20 22:32:05] [INFO] [XAssistant]: System Info (all): CPU usage is at N/A%. RAM info N/A. Battery info N/A. Internet status: Online and connected.
[2026-07-20 22:32:15] [INFO] [XAssistant]: System Info (all): CPU usage is at N/A%. RAM info N/A. Battery info N/A. Internet status: Online and connected.
[2026-07-20 22:32:25] [INFO] [XAssistant]: System Info (all): CPU usage is at N/A%. RAM info N/A. Battery info N/A. Internet status: Online and connected.
[2026-07-20 22:32:26] [INFO] [XAssistant]: Processing command: 'hi bro'
[2026-07-20 22:32:26] [INFO] [XAssistant]: Parsed Intent: greeting (Category: system)
[2026-07-20 22:32:26] [INFO] [XAssistant]: Speaking: Good evening! I am X Assistant. How can I assist you today?
[2026-07-20 22:32:30] [INFO] [XAssistant]: Processing command: 'what time is it'
[2026-07-20 22:32:30] [INFO] [XAssistant]: Parsed Intent: get_time (Category: system)
[2026-07-20 22:32:30] [INFO] [XAssistant]: The current time is 10:32 PM.
[2026-07-20 22:32:30] [INFO] [XAssistant]: Speaking: The current time is 10:32 PM.
[2026-07-20 22:32:35] [INFO] [XAssistant]: System Info (all): CPU usage is at N/A%. RAM info N/A. Battery info N/A. Internet status: Online and connected.
[2026-07-20 22:32:39] [INFO] [XAssistant]: Processing command: 'what is today's date'
[2026-07-20 22:32:39] [INFO] [XAssistant]: Parsed Intent: get_date (Category: system)
[2026-07-20 22:32:39] [INFO] [XAssistant]: Today's date is Monday, July 20, 2026.
[2026-07-20 22:32:39] [INFO] [XAssistant]: Speaking: Today's date is Monday, July 20, 2026.
[2026-07-20 22:32:45] [INFO] [XAssistant]: System Info (all): CPU usage is at N/A%. RAM info N/A. Battery info N/A. Internet status: Online and connected.
[2026-07-20 22:32:49] [INFO] [XAssistant]: Processing command: 'show system info'
[2026-07-20 22:32:49] [INFO] [XAssistant]: Parsed Intent: system_info (Category: productivity)
[2026-07-20 22:32:49] [INFO] [XAssistant]: System Info (all): CPU usage is at N/A%. RAM info N/A. Battery info N/A. Internet status: Online and connected.
[2026-07-20 22:32:49] [INFO] [XAssistant]: Speaking: CPU usage is at N/A%. RAM info N/A. Battery info N/A. Internet status: Online and connected.
[2026-07-20 22:32:55] [INFO] [XAssistant]: System Info (all): CPU usage is at N/A%. RAM info N/A. Battery info N/A. Internet status: Online and connected.
[2026-07-20 22:32:59] [INFO] [XAssistant]: Processing command: 'show todo list'
[2026-07-20 22:32:59] [INFO] [XAssistant]: Parsed Intent: show_todo (Category: productivity)
[2026-07-20 22:32:59] [INFO] [XAssistant]: Speaking: Your todo list is empty! Great job.
[2026-07-20 22:33:05] [INFO] [XAssistant]: System Info (all): CPU usage is at N/A%. RAM info N/A. Battery info N/A. Internet status: Online and connected.
[2026-07-20 22:33:10] [INFO] [XAssistant]: Database schema initialized successfully.
[2026-07-20 22:33:10] [INFO] [XAssistant]: Database schema initialized successfully.
[2026-07-20 22:33:10] [INFO] [XAssistant]: Database schema initialized successfully.
[2026-07-20 22:33:10] [INFO] [XAssistant]: Database schema initialized successfully.
[2026-07-20 22:33:10] [INFO] [XAssistant]: Database schema initialized successfully.
[2026-07-20 22:33:10] [INFO] [XAssistant]: Database schema initialized successfully.
[2026-07-20 22:33:10] [INFO] [XAssistant]: Database schema initialized successfully.
[2026-07-20 22:33:10] [INFO] [XAssistant]: Database schema initialized successfully.
[2026-07-20 22:33:10] [INFO] [XAssistant]: Database schema initialized successfully.
